<?xml version="1.0" encoding="UTF-8"?>
<testsuite xmlns:xsi="http://www.w3.org/2001/XMLSchema-instance" xsi:noNamespaceSchemaLocation="https://maven.apache.org/surefire/maven-failsafe-plugin/xsd/failsafe-test-report-3.0.xsd" version="3.0" name="cucumberlearning.TestRunner1" time="43.778" tests="0" errors="0" skipped="0" failures="0">
  <properties>
    <property name="java.specification.version" value="17"/>
    <property name="webdriver.chrome.driver" value="D:\Amol\chromedriver.exe"/>
    <property name="sun.cpu.isalist" value="amd64"/>
    <property name="sun.jnu.encoding" value="Cp1252"/>
    <property name="java.class.path" value="D:\Harshit\LatestApp\cucumber1\target\test-classes;D:\Harshit\LatestApp\cucumber1\target\cucumber1-0.0.1-SNAPSHOT.jar;D:\maven dependencies\io\cucumber\cucumber-java\7.8.0\cucumber-java-7.8.0.jar;D:\maven dependencies\org\apiguardian\apiguardian-api\1.1.2\apiguardian-api-1.1.2.jar;D:\maven dependencies\io\cucumber\cucumber-testng\7.8.0\cucumber-testng-7.8.0.jar;D:\maven dependencies\io\cucumber\cucumber-junit\7.8.0\cucumber-junit-7.8.0.jar;D:\maven dependencies\junit\junit\4.13.2\junit-4.13.2.jar;D:\maven dependencies\org\hamcrest\hamcrest-core\1.3\hamcrest-core-1.3.jar;D:\maven dependencies\org\seleniumhq\selenium\selenium-java\4.5.0\selenium-java-4.5.0.jar;D:\maven dependencies\org\seleniumhq\selenium\selenium-api\4.5.0\selenium-api-4.5.0.jar;D:\maven dependencies\org\seleniumhq\selenium\selenium-chrome-driver\4.5.0\selenium-chrome-driver-4.5.0.jar;D:\maven dependencies\com\google\auto\service\auto-service-annotations\1.0.1\auto-service-annotations-1.0.1.jar;D:\maven dependencies\com\google\auto\service\auto-service\1.0.1\auto-service-1.0.1.jar;D:\maven dependencies\com\google\auto\auto-common\1.2\auto-common-1.2.jar;D:\maven dependencies\com\google\guava\guava\31.1-jre\guava-31.1-jre.jar;D:\maven dependencies\com\google\guava\failureaccess\1.0.1\failureaccess-1.0.1.jar;D:\maven dependencies\com\google\guava\listenablefuture\9999.0-empty-to-avoid-conflict-with-guava\listenablefuture-9999.0-empty-to-avoid-conflict-with-guava.jar;D:\maven dependencies\org\checkerframework\checker-qual\3.12.0\checker-qual-3.12.0.jar;D:\maven dependencies\com\google\errorprone\error_prone_annotations\2.11.0\error_prone_annotations-2.11.0.jar;D:\maven dependencies\com\google\j2objc\j2objc-annotations\1.3\j2objc-annotations-1.3.jar;D:\maven dependencies\org\seleniumhq\selenium\selenium-chromium-driver\4.5.0\selenium-chromium-driver-4.5.0.jar;D:\maven dependencies\org\seleniumhq\selenium\selenium-json\4.5.0\selenium-json-4.5.0.jar;D:\maven dependencies\org\seleniumhq\selenium\selenium-devtools-v104\4.5.0\selenium-devtools-v104-4.5.0.jar;D:\maven dependencies\org\seleniumhq\selenium\selenium-devtools-v105\4.5.0\selenium-devtools-v105-4.5.0.jar;D:\maven dependencies\org\seleniumhq\selenium\selenium-devtools-v106\4.5.0\selenium-devtools-v106-4.5.0.jar;D:\maven dependencies\org\seleniumhq\selenium\selenium-devtools-v85\4.5.0\selenium-devtools-v85-4.5.0.jar;D:\maven dependencies\org\seleniumhq\selenium\selenium-edge-driver\4.5.0\selenium-edge-driver-4.5.0.jar;D:\maven dependencies\org\seleniumhq\selenium\selenium-firefox-driver\4.5.0\selenium-firefox-driver-4.5.0.jar;D:\maven dependencies\org\seleniumhq\selenium\selenium-ie-driver\4.5.0\selenium-ie-driver-4.5.0.jar;D:\maven dependencies\org\seleniumhq\selenium\selenium-remote-driver\4.5.0\selenium-remote-driver-4.5.0.jar;D:\maven dependencies\io\netty\netty-buffer\4.1.79.Final\netty-buffer-4.1.79.Final.jar;D:\maven dependencies\io\netty\netty-codec-http\4.1.79.Final\netty-codec-http-4.1.79.Final.jar;D:\maven dependencies\io\netty\netty-codec\4.1.79.Final\netty-codec-4.1.79.Final.jar;D:\maven dependencies\io\netty\netty-handler\4.1.79.Final\netty-handler-4.1.79.Final.jar;D:\maven dependencies\io\netty\netty-common\4.1.79.Final\netty-common-4.1.79.Final.jar;D:\maven dependencies\io\netty\netty-transport-classes-epoll\4.1.79.Final\netty-transport-classes-epoll-4.1.79.Final.jar;D:\maven dependencies\io\netty\netty-transport-classes-kqueue\4.1.79.Final\netty-transport-classes-kqueue-4.1.79.Final.jar;D:\maven dependencies\io\netty\netty-transport-native-epoll\4.1.79.Final\netty-transport-native-epoll-4.1.79.Final.jar;D:\maven dependencies\io\netty\netty-transport-native-kqueue\4.1.79.Final\netty-transport-native-kqueue-4.1.79.Final.jar;D:\maven dependencies\io\netty\netty-transport-native-unix-common\4.1.79.Final\netty-transport-native-unix-common-4.1.79.Final.jar;D:\maven dependencies\io\netty\netty-transport\4.1.79.Final\netty-transport-4.1.79.Final.jar;D:\maven dependencies\io\netty\netty-resolver\4.1.79.Final\netty-resolver-4.1.79.Final.jar;D:\maven dependencies\io\opentelemetry\opentelemetry-api\1.17.0\opentelemetry-api-1.17.0.jar;D:\maven dependencies\io\opentelemetry\opentelemetry-context\1.17.0\opentelemetry-context-1.17.0.jar;D:\maven dependencies\io\opentelemetry\opentelemetry-exporter-logging\1.17.0\opentelemetry-exporter-logging-1.17.0.jar;D:\maven dependencies\io\opentelemetry\opentelemetry-sdk-metrics\1.17.0\opentelemetry-sdk-metrics-1.17.0.jar;D:\maven dependencies\io\opentelemetry\opentelemetry-sdk-logs\1.17.0-alpha\opentelemetry-sdk-logs-1.17.0-alpha.jar;D:\maven dependencies\io\opentelemetry\opentelemetry-sdk-common\1.17.0\opentelemetry-sdk-common-1.17.0.jar;D:\maven dependencies\io\opentelemetry\opentelemetry-sdk-extension-autoconfigure-spi\1.17.0\opentelemetry-sdk-extension-autoconfigure-spi-1.17.0.jar;D:\maven dependencies\io\opentelemetry\opentelemetry-sdk-extension-autoconfigure\1.17.0-alpha\opentelemetry-sdk-extension-autoconfigure-1.17.0-alpha.jar;D:\maven dependencies\io\opentelemetry\opentelemetry-exporter-common\1.17.0\opentelemetry-exporter-common-1.17.0.jar;D:\maven dependencies\io\opentelemetry\opentelemetry-sdk-trace\1.17.0\opentelemetry-sdk-trace-1.17.0.jar;D:\maven dependencies\io\opentelemetry\opentelemetry-sdk\1.17.0\opentelemetry-sdk-1.17.0.jar;D:\maven dependencies\io\opentelemetry\opentelemetry-semconv\1.17.0-alpha\opentelemetry-semconv-1.17.0-alpha.jar;D:\maven dependencies\io\ous\jtoml\2.0.0\jtoml-2.0.0.jar;D:\maven dependencies\net\bytebuddy\byte-buddy\1.12.14\byte-buddy-1.12.14.jar;D:\maven dependencies\org\apache\commons\commons-exec\1.3\commons-exec-1.3.jar;D:\maven dependencies\org\asynchttpclient\async-http-client\2.12.3\async-http-client-2.12.3.jar;D:\maven dependencies\org\asynchttpclient\async-http-client-netty-utils\2.12.3\async-http-client-netty-utils-2.12.3.jar;D:\maven dependencies\io\netty\netty-codec-socks\4.1.60.Final\netty-codec-socks-4.1.60.Final.jar;D:\maven dependencies\io\netty\netty-handler-proxy\4.1.60.Final\netty-handler-proxy-4.1.60.Final.jar;D:\maven dependencies\io\netty\netty-transport-native-epoll\4.1.60.Final\netty-transport-native-epoll-4.1.60.Final-linux-x86_64.jar;D:\maven dependencies\io\netty\netty-transport-native-kqueue\4.1.60.Final\netty-transport-native-kqueue-4.1.60.Final-osx-x86_64.jar;D:\maven dependencies\com\typesafe\netty\netty-reactive-streams\2.0.4\netty-reactive-streams-2.0.4.jar;D:\maven dependencies\com\sun\activation\jakarta.activation\1.2.2\jakarta.activation-1.2.2.jar;D:\maven dependencies\org\seleniumhq\selenium\selenium-http\4.5.0\selenium-http-4.5.0.jar;D:\maven dependencies\dev\failsafe\failsafe\3.2.4\failsafe-3.2.4.jar;D:\maven dependencies\org\seleniumhq\selenium\selenium-safari-driver\4.5.0\selenium-safari-driver-4.5.0.jar;D:\maven dependencies\org\seleniumhq\selenium\selenium-support\4.5.0\selenium-support-4.5.0.jar;D:\maven dependencies\tech\grasshopper\extentreports-cucumber7-adapter\1.7.0\extentreports-cucumber7-adapter-1.7.0.jar;D:\maven dependencies\com\aventstack\klov-reporter\5.0.9\klov-reporter-5.0.9.jar;D:\maven dependencies\org\mongodb\mongodb-driver\3.6.4\mongodb-driver-3.6.4.jar;D:\maven dependencies\org\mongodb\mongodb-driver-core\3.6.4\mongodb-driver-core-3.6.4.jar;D:\maven dependencies\org\mongodb\bson\3.6.4\bson-3.6.4.jar;D:\maven dependencies\org\apache\httpcomponents\httpclient\4.5.13\httpclient-4.5.13.jar;D:\maven dependencies\org\apache\httpcomponents\httpcore\4.4.13\httpcore-4.4.13.jar;D:\maven dependencies\commons-logging\commons-logging\1.2\commons-logging-1.2.jar;D:\maven dependencies\commons-codec\commons-codec\1.11\commons-codec-1.11.jar;D:\maven dependencies\org\apache\httpcomponents\httpmime\4.5.13\httpmime-4.5.13.jar;D:\maven dependencies\tech\grasshopper\htmlextentreporter\1.0.1\htmlextentreporter-1.0.1.jar;D:\maven dependencies\tech\grasshopper\extent-pdf-report\2.7.0\extent-pdf-report-2.7.0.jar;D:\maven dependencies\tech\grasshopper\cucumber-pdf-report\2.10.0\cucumber-pdf-report-2.10.0.jar;D:\maven dependencies\org\apache\pdfbox\pdfbox\2.0.26\pdfbox-2.0.26.jar;D:\maven dependencies\org\apache\pdfbox\fontbox\2.0.26\fontbox-2.0.26.jar;D:\maven dependencies\org\knowm\xchart\xchart\3.8.0\xchart-3.8.0.jar;D:\maven dependencies\de\erichseifert\vectorgraphics2d\VectorGraphics2D\0.13\VectorGraphics2D-0.13.jar;D:\maven dependencies\de\rototor\pdfbox\graphics2d\0.30\graphics2d-0.30.jar;D:\maven dependencies\com\madgag\animated-gif-lib\1.4\animated-gif-lib-1.4.jar;D:\maven dependencies\org\yaml\snakeyaml\1.28\snakeyaml-1.28.jar;D:\maven dependencies\tech\grasshopper\table-layout\1.5.1\table-layout-1.5.1.jar;D:\maven dependencies\tech\grasshopper\rest-assured-cucumber-pdf-report\1.4.1\rest-assured-cucumber-pdf-report-1.4.1.jar;D:\maven dependencies\org\jsoup\jsoup\1.14.3\jsoup-1.14.3.jar;D:\maven dependencies\org\projectlombok\lombok\1.18.18\lombok-1.18.18.jar;D:\maven dependencies\com\aventstack\extentreports\5.0.9\extentreports-5.0.9.jar;D:\maven dependencies\io\reactivex\rxjava3\rxjava\3.0.4\rxjava-3.0.4.jar;D:\maven dependencies\org\reactivestreams\reactive-streams\1.0.3\reactive-streams-1.0.3.jar;D:\maven dependencies\org\freemarker\freemarker\2.3.30\freemarker-2.3.30.jar;D:\maven dependencies\com\google\code\gson\gson\2.8.6\gson-2.8.6.jar;D:\maven dependencies\io\cucumber\cucumber-core\7.8.0\cucumber-core-7.8.0.jar;D:\maven dependencies\io\cucumber\cucumber-gherkin\7.8.0\cucumber-gherkin-7.8.0.jar;D:\maven dependencies\io\cucumber\cucumber-gherkin-messages\7.8.0\cucumber-gherkin-messages-7.8.0.jar;D:\maven dependencies\io\cucumber\gherkin\24.0.0\gherkin-24.0.0.jar;D:\maven dependencies\io\cucumber\messages\19.1.2\messages-19.1.2.jar;D:\maven dependencies\io\cucumber\tag-expressions\4.1.0\tag-expressions-4.1.0.jar;D:\maven dependencies\io\cucumber\cucumber-expressions\16.0.0\cucumber-expressions-16.0.0.jar;D:\maven dependencies\io\cucumber\datatable\7.8.0\datatable-7.8.0.jar;D:\maven dependencies\io\cucumber\cucumber-plugin\7.8.0\cucumber-plugin-7.8.0.jar;D:\maven dependencies\io\cucumber\docstring\7.8.0\docstring-7.8.0.jar;D:\maven dependencies\io\cucumber\html-formatter\20.1.0\html-formatter-20.1.0.jar;D:\maven dependencies\io\cucumber\ci-environment\9.1.0\ci-environment-9.1.0.jar;D:\maven dependencies\org\testng\testng\7.6.1\testng-7.6.1.jar;D:\maven dependencies\com\google\code\findbugs\jsr305\3.0.2\jsr305-3.0.2.jar;D:\maven dependencies\org\slf4j\slf4j-api\1.7.36\slf4j-api-1.7.36.jar;D:\maven dependencies\com\beust\jcommander\1.82\jcommander-1.82.jar;D:\maven dependencies\org\webjars\jquery\3.6.0\jquery-3.6.0.jar;D:\maven dependencies\log4j\log4j\1.2.17\log4j-1.2.17.jar;"/>
    <property name="java.vm.vendor" value="Oracle Corporation"/>
    <property name="sun.arch.data.model" value="64"/>
    <property name="user.variant" value=""/>
    <property name="java.vendor.url" value="https://java.oracle.com/"/>
    <property name="user.timezone" value="Asia/Calcutta"/>
    <property name="os.name" value="Windows 10"/>
    <property name="java.vm.specification.version" value="17"/>
    <property name="sun.java.launcher" value="SUN_STANDARD"/>
    <property name="user.country" value="IN"/>
    <property name="sun.boot.library.path" value="C:\Program Files\Java\jdk-17.0.4.1\bin"/>
    <property name="sun.java.command" value="D:\Users\Temp\AppData\Local\Temp\surefire17098260255231922904\surefirebooter-20221116114127611_3.jar D:\Users\Temp\AppData\Local\Temp\surefire17098260255231922904 2022-11-16T11-41-26_942-jvmRun1 surefire-20221116114127611_1tmp surefire_0-20221116114127611_2tmp"/>
    <property name="jdk.debug" value="release"/>
    <property name="surefire.test.class.path" value="D:\Harshit\LatestApp\cucumber1\target\test-classes;D:\Harshit\LatestApp\cucumber1\target\cucumber1-0.0.1-SNAPSHOT.jar;D:\maven dependencies\io\cucumber\cucumber-java\7.8.0\cucumber-java-7.8.0.jar;D:\maven dependencies\org\apiguardian\apiguardian-api\1.1.2\apiguardian-api-1.1.2.jar;D:\maven dependencies\io\cucumber\cucumber-testng\7.8.0\cucumber-testng-7.8.0.jar;D:\maven dependencies\io\cucumber\cucumber-junit\7.8.0\cucumber-junit-7.8.0.jar;D:\maven dependencies\junit\junit\4.13.2\junit-4.13.2.jar;D:\maven dependencies\org\hamcrest\hamcrest-core\1.3\hamcrest-core-1.3.jar;D:\maven dependencies\org\seleniumhq\selenium\selenium-java\4.5.0\selenium-java-4.5.0.jar;D:\maven dependencies\org\seleniumhq\selenium\selenium-api\4.5.0\selenium-api-4.5.0.jar;D:\maven dependencies\org\seleniumhq\selenium\selenium-chrome-driver\4.5.0\selenium-chrome-driver-4.5.0.jar;D:\maven dependencies\com\google\auto\service\auto-service-annotations\1.0.1\auto-service-annotations-1.0.1.jar;D:\maven dependencies\com\google\auto\service\auto-service\1.0.1\auto-service-1.0.1.jar;D:\maven dependencies\com\google\auto\auto-common\1.2\auto-common-1.2.jar;D:\maven dependencies\com\google\guava\guava\31.1-jre\guava-31.1-jre.jar;D:\maven dependencies\com\google\guava\failureaccess\1.0.1\failureaccess-1.0.1.jar;D:\maven dependencies\com\google\guava\listenablefuture\9999.0-empty-to-avoid-conflict-with-guava\listenablefuture-9999.0-empty-to-avoid-conflict-with-guava.jar;D:\maven dependencies\org\checkerframework\checker-qual\3.12.0\checker-qual-3.12.0.jar;D:\maven dependencies\com\google\errorprone\error_prone_annotations\2.11.0\error_prone_annotations-2.11.0.jar;D:\maven dependencies\com\google\j2objc\j2objc-annotations\1.3\j2objc-annotations-1.3.jar;D:\maven dependencies\org\seleniumhq\selenium\selenium-chromium-driver\4.5.0\selenium-chromium-driver-4.5.0.jar;D:\maven dependencies\org\seleniumhq\selenium\selenium-json\4.5.0\selenium-json-4.5.0.jar;D:\maven dependencies\org\seleniumhq\selenium\selenium-devtools-v104\4.5.0\selenium-devtools-v104-4.5.0.jar;D:\maven dependencies\org\seleniumhq\selenium\selenium-devtools-v105\4.5.0\selenium-devtools-v105-4.5.0.jar;D:\maven dependencies\org\seleniumhq\selenium\selenium-devtools-v106\4.5.0\selenium-devtools-v106-4.5.0.jar;D:\maven dependencies\org\seleniumhq\selenium\selenium-devtools-v85\4.5.0\selenium-devtools-v85-4.5.0.jar;D:\maven dependencies\org\seleniumhq\selenium\selenium-edge-driver\4.5.0\selenium-edge-driver-4.5.0.jar;D:\maven dependencies\org\seleniumhq\selenium\selenium-firefox-driver\4.5.0\selenium-firefox-driver-4.5.0.jar;D:\maven dependencies\org\seleniumhq\selenium\selenium-ie-driver\4.5.0\selenium-ie-driver-4.5.0.jar;D:\maven dependencies\org\seleniumhq\selenium\selenium-remote-driver\4.5.0\selenium-remote-driver-4.5.0.jar;D:\maven dependencies\io\netty\netty-buffer\4.1.79.Final\netty-buffer-4.1.79.Final.jar;D:\maven dependencies\io\netty\netty-codec-http\4.1.79.Final\netty-codec-http-4.1.79.Final.jar;D:\maven dependencies\io\netty\netty-codec\4.1.79.Final\netty-codec-4.1.79.Final.jar;D:\maven dependencies\io\netty\netty-handler\4.1.79.Final\netty-handler-4.1.79.Final.jar;D:\maven dependencies\io\netty\netty-common\4.1.79.Final\netty-common-4.1.79.Final.jar;D:\maven dependencies\io\netty\netty-transport-classes-epoll\4.1.79.Final\netty-transport-classes-epoll-4.1.79.Final.jar;D:\maven dependencies\io\netty\netty-transport-classes-kqueue\4.1.79.Final\netty-transport-classes-kqueue-4.1.79.Final.jar;D:\maven dependencies\io\netty\netty-transport-native-epoll\4.1.79.Final\netty-transport-native-epoll-4.1.79.Final.jar;D:\maven dependencies\io\netty\netty-transport-native-kqueue\4.1.79.Final\netty-transport-native-kqueue-4.1.79.Final.jar;D:\maven dependencies\io\netty\netty-transport-native-unix-common\4.1.79.Final\netty-transport-native-unix-common-4.1.79.Final.jar;D:\maven dependencies\io\netty\netty-transport\4.1.79.Final\netty-transport-4.1.79.Final.jar;D:\maven dependencies\io\netty\netty-resolver\4.1.79.Final\netty-resolver-4.1.79.Final.jar;D:\maven dependencies\io\opentelemetry\opentelemetry-api\1.17.0\opentelemetry-api-1.17.0.jar;D:\maven dependencies\io\opentelemetry\opentelemetry-context\1.17.0\opentelemetry-context-1.17.0.jar;D:\maven dependencies\io\opentelemetry\opentelemetry-exporter-logging\1.17.0\opentelemetry-exporter-logging-1.17.0.jar;D:\maven dependencies\io\opentelemetry\opentelemetry-sdk-metrics\1.17.0\opentelemetry-sdk-metrics-1.17.0.jar;D:\maven dependencies\io\opentelemetry\opentelemetry-sdk-logs\1.17.0-alpha\opentelemetry-sdk-logs-1.17.0-alpha.jar;D:\maven dependencies\io\opentelemetry\opentelemetry-sdk-common\1.17.0\opentelemetry-sdk-common-1.17.0.jar;D:\maven dependencies\io\opentelemetry\opentelemetry-sdk-extension-autoconfigure-spi\1.17.0\opentelemetry-sdk-extension-autoconfigure-spi-1.17.0.jar;D:\maven dependencies\io\opentelemetry\opentelemetry-sdk-extension-autoconfigure\1.17.0-alpha\opentelemetry-sdk-extension-autoconfigure-1.17.0-alpha.jar;D:\maven dependencies\io\opentelemetry\opentelemetry-exporter-common\1.17.0\opentelemetry-exporter-common-1.17.0.jar;D:\maven dependencies\io\opentelemetry\opentelemetry-sdk-trace\1.17.0\opentelemetry-sdk-trace-1.17.0.jar;D:\maven dependencies\io\opentelemetry\opentelemetry-sdk\1.17.0\opentelemetry-sdk-1.17.0.jar;D:\maven dependencies\io\opentelemetry\opentelemetry-semconv\1.17.0-alpha\opentelemetry-semconv-1.17.0-alpha.jar;D:\maven dependencies\io\ous\jtoml\2.0.0\jtoml-2.0.0.jar;D:\maven dependencies\net\bytebuddy\byte-buddy\1.12.14\byte-buddy-1.12.14.jar;D:\maven dependencies\org\apache\commons\commons-exec\1.3\commons-exec-1.3.jar;D:\maven dependencies\org\asynchttpclient\async-http-client\2.12.3\async-http-client-2.12.3.jar;D:\maven dependencies\org\asynchttpclient\async-http-client-netty-utils\2.12.3\async-http-client-netty-utils-2.12.3.jar;D:\maven dependencies\io\netty\netty-codec-socks\4.1.60.Final\netty-codec-socks-4.1.60.Final.jar;D:\maven dependencies\io\netty\netty-handler-proxy\4.1.60.Final\netty-handler-proxy-4.1.60.Final.jar;D:\maven dependencies\io\netty\netty-transport-native-epoll\4.1.60.Final\netty-transport-native-epoll-4.1.60.Final-linux-x86_64.jar;D:\maven dependencies\io\netty\netty-transport-native-kqueue\4.1.60.Final\netty-transport-native-kqueue-4.1.60.Final-osx-x86_64.jar;D:\maven dependencies\com\typesafe\netty\netty-reactive-streams\2.0.4\netty-reactive-streams-2.0.4.jar;D:\maven dependencies\com\sun\activation\jakarta.activation\1.2.2\jakarta.activation-1.2.2.jar;D:\maven dependencies\org\seleniumhq\selenium\selenium-http\4.5.0\selenium-http-4.5.0.jar;D:\maven dependencies\dev\failsafe\failsafe\3.2.4\failsafe-3.2.4.jar;D:\maven dependencies\org\seleniumhq\selenium\selenium-safari-driver\4.5.0\selenium-safari-driver-4.5.0.jar;D:\maven dependencies\org\seleniumhq\selenium\selenium-support\4.5.0\selenium-support-4.5.0.jar;D:\maven dependencies\tech\grasshopper\extentreports-cucumber7-adapter\1.7.0\extentreports-cucumber7-adapter-1.7.0.jar;D:\maven dependencies\com\aventstack\klov-reporter\5.0.9\klov-reporter-5.0.9.jar;D:\maven dependencies\org\mongodb\mongodb-driver\3.6.4\mongodb-driver-3.6.4.jar;D:\maven dependencies\org\mongodb\mongodb-driver-core\3.6.4\mongodb-driver-core-3.6.4.jar;D:\maven dependencies\org\mongodb\bson\3.6.4\bson-3.6.4.jar;D:\maven dependencies\org\apache\httpcomponents\httpclient\4.5.13\httpclient-4.5.13.jar;D:\maven dependencies\org\apache\httpcomponents\httpcore\4.4.13\httpcore-4.4.13.jar;D:\maven dependencies\commons-logging\commons-logging\1.2\commons-logging-1.2.jar;D:\maven dependencies\commons-codec\commons-codec\1.11\commons-codec-1.11.jar;D:\maven dependencies\org\apache\httpcomponents\httpmime\4.5.13\httpmime-4.5.13.jar;D:\maven dependencies\tech\grasshopper\htmlextentreporter\1.0.1\htmlextentreporter-1.0.1.jar;D:\maven dependencies\tech\grasshopper\extent-pdf-report\2.7.0\extent-pdf-report-2.7.0.jar;D:\maven dependencies\tech\grasshopper\cucumber-pdf-report\2.10.0\cucumber-pdf-report-2.10.0.jar;D:\maven dependencies\org\apache\pdfbox\pdfbox\2.0.26\pdfbox-2.0.26.jar;D:\maven dependencies\org\apache\pdfbox\fontbox\2.0.26\fontbox-2.0.26.jar;D:\maven dependencies\org\knowm\xchart\xchart\3.8.0\xchart-3.8.0.jar;D:\maven dependencies\de\erichseifert\vectorgraphics2d\VectorGraphics2D\0.13\VectorGraphics2D-0.13.jar;D:\maven dependencies\de\rototor\pdfbox\graphics2d\0.30\graphics2d-0.30.jar;D:\maven dependencies\com\madgag\animated-gif-lib\1.4\animated-gif-lib-1.4.jar;D:\maven dependencies\org\yaml\snakeyaml\1.28\snakeyaml-1.28.jar;D:\maven dependencies\tech\grasshopper\table-layout\1.5.1\table-layout-1.5.1.jar;D:\maven dependencies\tech\grasshopper\rest-assured-cucumber-pdf-report\1.4.1\rest-assured-cucumber-pdf-report-1.4.1.jar;D:\maven dependencies\org\jsoup\jsoup\1.14.3\jsoup-1.14.3.jar;D:\maven dependencies\org\projectlombok\lombok\1.18.18\lombok-1.18.18.jar;D:\maven dependencies\com\aventstack\extentreports\5.0.9\extentreports-5.0.9.jar;D:\maven dependencies\io\reactivex\rxjava3\rxjava\3.0.4\rxjava-3.0.4.jar;D:\maven dependencies\org\reactivestreams\reactive-streams\1.0.3\reactive-streams-1.0.3.jar;D:\maven dependencies\org\freemarker\freemarker\2.3.30\freemarker-2.3.30.jar;D:\maven dependencies\com\google\code\gson\gson\2.8.6\gson-2.8.6.jar;D:\maven dependencies\io\cucumber\cucumber-core\7.8.0\cucumber-core-7.8.0.jar;D:\maven dependencies\io\cucumber\cucumber-gherkin\7.8.0\cucumber-gherkin-7.8.0.jar;D:\maven dependencies\io\cucumber\cucumber-gherkin-messages\7.8.0\cucumber-gherkin-messages-7.8.0.jar;D:\maven dependencies\io\cucumber\gherkin\24.0.0\gherkin-24.0.0.jar;D:\maven dependencies\io\cucumber\messages\19.1.2\messages-19.1.2.jar;D:\maven dependencies\io\cucumber\tag-expressions\4.1.0\tag-expressions-4.1.0.jar;D:\maven dependencies\io\cucumber\cucumber-expressions\16.0.0\cucumber-expressions-16.0.0.jar;D:\maven dependencies\io\cucumber\datatable\7.8.0\datatable-7.8.0.jar;D:\maven dependencies\io\cucumber\cucumber-plugin\7.8.0\cucumber-plugin-7.8.0.jar;D:\maven dependencies\io\cucumber\docstring\7.8.0\docstring-7.8.0.jar;D:\maven dependencies\io\cucumber\html-formatter\20.1.0\html-formatter-20.1.0.jar;D:\maven dependencies\io\cucumber\ci-environment\9.1.0\ci-environment-9.1.0.jar;D:\maven dependencies\org\testng\testng\7.6.1\testng-7.6.1.jar;D:\maven dependencies\com\google\code\findbugs\jsr305\3.0.2\jsr305-3.0.2.jar;D:\maven dependencies\org\slf4j\slf4j-api\1.7.36\slf4j-api-1.7.36.jar;D:\maven dependencies\com\beust\jcommander\1.82\jcommander-1.82.jar;D:\maven dependencies\org\webjars\jquery\3.6.0\jquery-3.6.0.jar;D:\maven dependencies\log4j\log4j\1.2.17\log4j-1.2.17.jar;"/>
    <property name="sun.cpu.endian" value="little"/>
    <property name="user.home" value="D:\Users\Temp"/>
    <property name="user.language" value="en"/>
    <property name="java.specification.vendor" value="Oracle Corporation"/>
    <property name="java.version.date" value="2022-08-18"/>
    <property name="java.home" value="C:\Program Files\Java\jdk-17.0.4.1"/>
    <property name="file.separator" value="\"/>
    <property name="style.color" value="always"/>
    <property name="basedir" value="D:\Harshit\LatestApp\cucumber1"/>
    <property name="java.vm.compressedOopsMode" value="32-bit"/>
    <property name="line.separator" value="&#10;"/>
    <property name="java.vm.specification.vendor" value="Oracle Corporation"/>
    <property name="java.specification.name" value="Java Platform API Specification"/>
    <property name="surefire.real.class.path" value="D:\Users\Temp\AppData\Local\Temp\surefire17098260255231922904\surefirebooter-20221116114127611_3.jar"/>
    <property name="user.script" value=""/>
    <property name="sun.management.compiler" value="HotSpot 64-Bit Tiered Compilers"/>
    <property name="java.runtime.version" value="17.0.4.1+1-LTS-2"/>
    <property name="user.name" value="Temp"/>
    <property name="path.separator" value=";"/>
    <property name="os.version" value="10.0"/>
    <property name="java.runtime.name" value="Java(TM) SE Runtime Environment"/>
    <property name="file.encoding" value="Cp1252"/>
    <property name="java.vm.name" value="Java HotSpot(TM) 64-Bit Server VM"/>
    <property name="localRepository" value="D:\maven dependencies"/>
    <property name="java.vendor.url.bug" value="https://bugreport.java.com/bugreport/"/>
    <property name="java.io.tmpdir" value="D:\Users\Temp\AppData\Local\Temp\"/>
    <property name="java.version" value="17.0.4.1"/>
    <property name="user.dir" value="D:\Harshit\LatestApp\cucumber1"/>
    <property name="os.arch" value="amd64"/>
    <property name="java.vm.specification.name" value="Java Virtual Machine Specification"/>
    <property name="sun.os.patch.level" value=""/>
    <property name="native.encoding" value="Cp1252"/>
    <property name="java.library.path" value="C:\Program Files\Java\jdk-17.0.4.1\bin;C:\WINDOWS\Sun\Java\bin;C:\WINDOWS\system32;C:\WINDOWS;C:/Program Files/Java/jdk-17.0.4.1/bin/server;C:/Program Files/Java/jdk-17.0.4.1/bin;C:\Program Files\Common Files\Oracle\Java\javapath;D:\Users\Temp\AppData\Local\ActiveState\StateTool\release\bin;C:\WINDOWS\system32;C:\WINDOWS;C:\WINDOWS\System32\Wbem;C:\WINDOWS\System32\WindowsPowerShell\v1.0\;C:\Program Files (x86)\AOMEI Backupper;C:\WINDOWS\System32\OpenSSH\;C:\Program Files\TortoiseHg\;C:\Program Files\Microsoft SQL Server\110\Tools\Binn\;C:\Program Files (x86)\Microsoft SQL Server\110\Tools\Binn\;C:\Program Files\Microsoft SQL Server\110\DTS\Binn\;C:\Program Files (x86)\Microsoft SQL Server\110\Tools\Binn\ManagementStudio\;C:\Program Files (x86)\Microsoft SQL Server\110\DTS\Binn\;C:\Program Files\Java\jdk1.8.0_221\bin;C:\Program Files\apache-maven-3.5.2\bin;C:\Strawberry\c\bin;C:\Strawberry\perl\site\bin;C:\Strawberry\perl\bin;C:\php\php-8.1.6-Win32-vs16-x64;D:\PSTool;C:\Program Files\Git\cmd;D:\Users\Temp\AppData\Roaming\nvm;C:\Program Files\nodejs;C:\Program Files\nodejs\;C:\Program Files\Microsoft SQL Server\150\Tools\Binn\;C:\Program Files\Microsoft SQL Server\Client SDK\ODBC\170\Tools\Binn\;C:\Program Files\dotnet\;D:\Users\Temp\AppData\Local\Microsoft\WindowsApps;C:\Program Files\Java\jdk1.8.0_221\bin;C:\Program Files\apache-maven-3.5.2\bin;D:\Users\Temp\AppData\Local\Programs\Microsoft VS Code\bin;D:\Users\Temp\AppData\Roaming\nvm;C:\Program Files\nodejs;D:\Users\Temp\AppData\Roaming\npm;D:\Users\Temp\.dotnet\tools;D:\Users\Temp\Desktop;;."/>
    <property name="java.vm.info" value="mixed mode, sharing"/>
    <property name="java.vendor" value="Oracle Corporation"/>
    <property name="java.vm.version" value="17.0.4.1+1-LTS-2"/>
    <property name="sun.io.unicode.encoding" value="UnicodeLittle"/>
    <property name="java.class.version" value="61.0"/>
  </properties>
</testsuite>