<?xml version="1.0" encoding="UTF-8"?>
<!-- Generated by org.testng.reporters.JUnitReportReporter -->
<testsuite hostname="AQMIT-DSK-10214" failures="0" tests="2" name="cucumberlearning.TestRunner1" time="58.944" errors="0" timestamp="2022-11-16T12:00:29 IST" skipped="0">
  <testcase classname="cucumberlearning.TestRunner1" name="runScenario" time="35.559"/>
  <system-out/>
  <testcase classname="cucumberlearning.TestRunner1" name="runScenario" time="23.385"/>
  <system-out/>
</testsuite> <!-- cucumberlearning.TestRunner1 -->
